<?xml version="1.0" encoding="UTF-8"?>
<!-- Generated by org.testng.reporters.JUnitReportReporter -->
<testsuite hostname="SayedShaaban" failures="0" tests="3" name="tests.ApiTests" time="0.037" errors="0" timestamp="2025-02-01T13:56:53 EET" skipped="0">
  <testcase classname="tests.ApiTests" name="createUser" time="0.032"/>
  <testcase classname="tests.ApiTests" name="updateUser" time="0.002"/>
  <testcase classname="tests.ApiTests" name="retrieveUser" time="0.003"/>
</testsuite> <!-- tests.ApiTests -->
