<?xml version="1.0" encoding="UTF-8"?>
<!-- Generated by org.testng.reporters.JUnitReportReporter -->
<testsuite hostname="SayedShaaban" failures="0" tests="1" name="tests.AmazonTests" time="76.494" errors="0" timestamp="2025-02-01T13:56:53 EET" skipped="0">
  <testcase classname="tests.AmazonTests" name="addProductsToTheCartAndCheckout" time="76.494"/>
</testsuite> <!-- tests.AmazonTests -->
